
Warning: This is a simple server for use in testing or debugging Angular applications
locally. It hasn't been reviewed for security issues.

Binding this server to an open connection can result in compromising your application or
computer. Using a different host than the one passed to the "--host" flag might result in
websocket connection issues. You might need to use "--disable-host-check" if that's the
case.
    
‚ùØ Building...
‚úî Building...
Initial chunk files | Names         |  Raw size
polyfills.js        | polyfills     |  90.20 kB | 
main.js             | main          |  11.72 kB | 
styles.css          | styles        |  96 bytes | 

                    | Initial total | 102.02 kB

Application bundle generation complete. [3.838 seconds]

Watch mode enabled. Watching for file changes...
NOTE: Raw file sizes do not reflect development server per-request transformations.
  ‚ûú  Local:   http://localhost:4200/
  ‚ûú  Network: http://192.168.15.104:4200/
  ‚ûú  Network: http://172.18.0.1:4200/
‚ùØ Changes detected. Rebuilding...
‚úî Changes detected. Rebuilding...
Initial chunk files | Names | Raw size
main.js             | main  | 12.28 kB | 

Application bundle generation complete. [0.554 seconds]

Page reload sent to client(s).
‚ùØ Changes detected. Rebuilding...
‚úî Changes detected. Rebuilding...
Initial chunk files | Names | Raw size
main.js             | main  | 13.90 kB | 

Application bundle generation complete. [0.610 seconds]

Page reload sent to client(s).

Warning: This is a simple server for use in testing or debugging Angular applications
locally. It hasn't been reviewed for security issues.

Binding this server to an open connection can result in compromising your application or
computer. Using a different host than the one passed to the "--host" flag might result in
websocket connection issues. You might need to use "--disable-host-check" if that's the
case.
    
‚ùØ Building...
‚úî Building...
Initial chunk files | Names         |  Raw size
polyfills.js        | polyfills     |  90.20 kB | 
main.js             | main          |  13.90 kB | 
styles.css          | styles        |  96 bytes | 

                    | Initial total | 104.20 kB

Application bundle generation complete. [3.693 seconds]

Watch mode enabled. Watching for file changes...
NOTE: Raw file sizes do not reflect development server per-request transformations.
  ‚ûú  Local:   http://localhost:4200/
  ‚ûú  Network: http://192.168.15.104:4200/
  ‚ûú  Network: http://172.18.0.1:4200/
‚ùØ Changes detected. Rebuilding...
‚úî Changes detected. Rebuilding...
Initial chunk files | Names | Raw size
main.js             | main  | 13.90 kB | 

Application bundle generation complete. [0.469 seconds]

Page reload sent to client(s).
‚ùØ Changes detected. Rebuilding...
‚úî Changes detected. Rebuilding...
Initial chunk files | Names | Raw size
main.js             | main  | 19.40 kB | 

Application bundle generation complete. [0.524 seconds]

Page reload sent to client(s).
‚ùØ Changes detected. Rebuilding...
‚úî Changes detected. Rebuilding...
Initial chunk files | Names | Raw size
main.js             | main  | 19.21 kB | 

Application bundle generation complete. [0.445 seconds]

Page reload sent to client(s).
‚ùØ Changes detected. Rebuilding...
‚úî Changes detected. Rebuilding...
Initial chunk files | Names | Raw size
main.js             | main  | 18.90 kB | 

Application bundle generation complete. [0.506 seconds]

Page reload sent to client(s).

Warning: This is a simple server for use in testing or debugging Angular applications
locally. It hasn't been reviewed for security issues.

Binding this server to an open connection can result in compromising your application or
computer. Using a different host than the one passed to the "--host" flag might result in
websocket connection issues. You might need to use "--disable-host-check" if that's the
case.
    
‚ùØ Building...
‚úî Building...
Initial chunk files | Names         |  Raw size
polyfills.js        | polyfills     |  90.20 kB | 
main.js             | main          |  18.90 kB | 
styles.css          | styles        |  96 bytes | 

                    | Initial total | 109.20 kB

Application bundle generation complete. [3.767 seconds]

Watch mode enabled. Watching for file changes...
NOTE: Raw file sizes do not reflect development server per-request transformations.
  ‚ûú  Local:   http://localhost:4200/
  ‚ûú  Network: http://192.168.15.104:4200/
  ‚ûú  Network: http://172.18.0.1:4200/
‚ùØ Changes detected. Rebuilding...
‚úî Changes detected. Rebuilding...
Initial chunk files | Names | Raw size
main.js             | main  | 30.31 kB | 

Application bundle generation complete. [1.069 seconds]

Page reload sent to client(s).
‚ùØ Changes detected. Rebuilding...
‚úî Changes detected. Rebuilding...
Initial chunk files | Names | Raw size
main.js             | main  | 31.28 kB | 

Application bundle generation complete. [0.655 seconds]

Page reload sent to client(s).

Warning: This is a simple server for use in testing or debugging Angular applications
locally. It hasn't been reviewed for security issues.

Binding this server to an open connection can result in compromising your application or
computer. Using a different host than the one passed to the "--host" flag might result in
websocket connection issues. You might need to use "--disable-host-check" if that's the
case.
    
‚ùØ Building...
‚úî Building...
Initial chunk files | Names         |  Raw size
polyfills.js        | polyfills     |  90.20 kB | 
main.js             | main          |  31.28 kB | 
styles.css          | styles        |  96 bytes | 

                    | Initial total | 121.58 kB

Application bundle generation complete. [4.372 seconds]

Watch mode enabled. Watching for file changes...
NOTE: Raw file sizes do not reflect development server per-request transformations.
  ‚ûú  Local:   http://localhost:4200/
  ‚ûú  Network: http://192.168.15.104:4200/
  ‚ûú  Network: http://172.18.0.1:4200/
‚ùØ Changes detected. Rebuilding...
‚úî Changes detected. Rebuilding...
Application bundle generation failed. [0.592 seconds]

[31m‚úò [41;31m[[41;97mERROR[41;31m][0m [1mTS-992001: component is missing a template[0m [1m[35m[plugin angular-compiler][0m

    src/app/features/users/user-list/user-list.component.ts:6:0:
[37m      6 ‚îÇ [32m@Component({[37m
        ‚ïµ [32m~~~~~~~~~~~~[0m



Warning: This is a simple server for use in testing or debugging Angular applications
locally. It hasn't been reviewed for security issues.

Binding this server to an open connection can result in compromising your application or
computer. Using a different host than the one passed to the "--host" flag might result in
websocket connection issues. You might need to use "--disable-host-check" if that's the
case.
    
‚ùØ Building...
‚úî Building...
Application bundle generation failed. [3.949 seconds]

[31m‚úò [41;31m[[41;97mERROR[41;31m][0m [1mTS-992001: component is missing a template[0m [1m[35m[plugin angular-compiler][0m

    src/app/features/users/user-list/user-list.component.ts:6:0:
[37m      6 ‚îÇ [32m@Component({[37m
        ‚ïµ [32m~~~~~~~~~~~~[0m


Watch mode enabled. Watching for file changes...
‚ùØ Changes detected. Rebuilding...
‚úî Changes detected. Rebuilding...
Initial chunk files | Names         |  Raw size
polyfills.js        | polyfills     |  90.20 kB | 
main.js             | main          |  33.91 kB | 
styles.css          | styles        |  96 bytes | 

                    | Initial total | 124.20 kB

Application bundle generation complete. [0.949 seconds]

NOTE: Raw file sizes do not reflect development server per-request transformations.
  ‚ûú  Local:   http://localhost:4200/
  ‚ûú  Network: http://192.168.15.104:4200/
  ‚ûú  Network: http://172.18.0.1:4200/
‚ùØ Changes detected. Rebuilding...
‚úî Changes detected. Rebuilding...
Application bundle generation failed. [1.114 seconds]

[31m‚úò [41;31m[[41;97mERROR[41;31m][0m [1mTS2339: Property 'createUser' does not exist on type 'UserService'.[0m [1m[35m[plugin angular-compiler][0m

    src/app/features/users/user-form/user-form.component.ts:297:23:
[37m      297 ‚îÇ       this.userService.[32mcreateUser[37m(userData).subscribe({
          ‚ïµ                        [32m~~~~~~~~~~[0m


[31m‚úò [41;31m[[41;97mERROR[41;31m][0m [1mTS7006: Parameter 'error' implicitly has an 'any' type.[0m [1m[35m[plugin angular-compiler][0m

    src/app/features/users/user-form/user-form.component.ts:301:16:
[37m      301 ‚îÇ         error: ([32merror[37m) => {
          ‚ïµ                 [32m~~~~~[0m


‚ùØ Changes detected. Rebuilding...
‚úî Changes detected. Rebuilding...
Initial chunk files | Names         |  Raw size
polyfills.js        | polyfills     |  90.20 kB | 
main.js             | main          |  50.40 kB | 
styles.css          | styles        |  96 bytes | 

                    | Initial total | 140.69 kB

Application bundle generation complete. [0.584 seconds]

Page reload sent to client(s).
‚ùØ Changes detected. Rebuilding...
‚úî Changes detected. Rebuilding...
Application bundle generation failed. [0.717 seconds]

[31m‚úò [41;31m[[41;97mERROR[41;31m][0m [1mTS1005: '}' expected.[0m [1m[35m[plugin angular-compiler][0m

    src/app/features/users/user-form/user-form.component.ts:325:0:
[37m      325 ‚îÇ [32m[37m
          ‚ïµ [32m^[0m


‚ùØ Changes detected. Rebuilding...
‚úî Changes detected. Rebuilding...
Application bundle generation failed. [0.737 seconds]

[31m‚úò [41;31m[[41;97mERROR[41;31m][0m [1mTS1005: '}' expected.[0m [1m[35m[plugin angular-compiler][0m

    src/app/features/users/user-form/user-form.component.ts:325:0:
[37m      325 ‚îÇ [32m[37m
          ‚ïµ [32m^[0m


‚ùØ Changes detected. Rebuilding...
‚úî Changes detected. Rebuilding...
Initial chunk files | Names         |  Raw size
polyfills.js        | polyfills     |  90.20 kB | 
main.js             | main          |  52.63 kB | 
styles.css          | styles        |  96 bytes | 

                    | Initial total | 142.93 kB

Application bundle generation complete. [0.683 seconds]

Page reload sent to client(s).
‚ùØ Changes detected. Rebuilding...
‚úî Changes detected. Rebuilding...
Initial chunk files | Names | Raw size
main.js             | main  | 53.13 kB | 

Application bundle generation complete. [0.350 seconds]

Page reload sent to client(s).
‚ùØ Changes detected. Rebuilding...
‚úî Changes detected. Rebuilding...
Application bundle generation failed. [1.075 seconds]

[31m‚úò [41;31m[[41;97mERROR[41;31m][0m [1mexpected "{".
    ‚ï∑
151 ‚îÇ     ></app-edit-user-modal>
    ‚îÇ                            ^
    ‚ïµ
  src/app/features/users/user-list/user-list.component.ts 151:28  root stylesheet[0m [1m[35m[plugin angular-sass][0m


‚ùØ Changes detected. Rebuilding...
‚úî Changes detected. Rebuilding...
Initial chunk files | Names         |  Raw size
polyfills.js        | polyfills     |  90.20 kB | 
main.js             | main          |  71.61 kB | 
styles.css          | styles        |  96 bytes | 

                    | Initial total | 161.91 kB

Application bundle generation complete. [1.094 seconds]

Page reload sent to client(s).
‚ùØ Changes detected. Rebuilding...
‚úî Changes detected. Rebuilding...
Initial chunk files | Names | Raw size
main.js             | main  | 75.64 kB | 

Application bundle generation complete. [0.677 seconds]

Page reload sent to client(s).
‚ùØ Changes detected. Rebuilding...
‚úî Changes detected. Rebuilding...
Initial chunk files | Names | Raw size
main.js             | main  | 75.75 kB | 

Application bundle generation complete. [0.314 seconds]

Page reload sent to client(s).

Warning: This is a simple server for use in testing or debugging Angular applications
locally. It hasn't been reviewed for security issues.

Binding this server to an open connection can result in compromising your application or
computer. Using a different host than the one passed to the "--host" flag might result in
websocket connection issues. You might need to use "--disable-host-check" if that's the
case.
    
‚ùØ Building...
‚úî Building...
Initial chunk files | Names         |  Raw size
polyfills.js        | polyfills     |  90.20 kB | 
main.js             | main          |  75.75 kB | 
styles.css          | styles        |  96 bytes | 

                    | Initial total | 166.05 kB

Application bundle generation complete. [5.429 seconds]

Watch mode enabled. Watching for file changes...
NOTE: Raw file sizes do not reflect development server per-request transformations.
Re-optimizing dependencies because vite config has changed
  ‚ûú  Local:   http://localhost:4200/
  ‚ûú  Network: http://192.168.15.104:4200/
  ‚ûú  Network: http://172.18.0.1:4200/
‚ùØ Changes detected. Rebuilding...
‚úî Changes detected. Rebuilding...
Application bundle generation failed. [1.819 seconds]

[31m‚úò [41;31m[[41;97mERROR[41;31m][0m [1mTS2345: Argument of type '{ name: any; email: any; username: any; phone: any; level_id: number; password: any; }' is not assignable to parameter of type '{ name: string; email: string; username: string; phone: string; user_level: string; password: string; }'.
  Property 'user_level' is missing in type '{ name: any; email: any; username: any; phone: any; level_id: number; password: any; }' but required in type '{ name: string; email: string; username: string; phone: string; user_level: string; password: string; }'.[0m [1m[35m[plugin angular-compiler][0m

    src/app/features/users/user-form/user-form.component.ts:351:34:
[37m      351 ‚îÇ       this.userService.createUser([32muserData[37m).subscribe({
          ‚ïµ                                   [32m~~~~~~~~[0m

  'user_level' is declared here.

    src/app/core/services/user.service.ts:48:4:
[37m      48 ‚îÇ     [32muser_level[37m: string;
         ‚ïµ     [32m~~~~~~~~~~[0m


‚ùØ Changes detected. Rebuilding...
‚úî Changes detected. Rebuilding...
Application bundle generation failed. [0.631 seconds]

[31m‚úò [41;31m[[41;97mERROR[41;31m][0m [1mTS2345: Argument of type '{ name: any; email: any; username: any; phone: any; level_id: number; password: any; }' is not assignable to parameter of type '{ name: string; email: string; username: string; phone: string; user_level: string; password: string; }'.
  Property 'user_level' is missing in type '{ name: any; email: any; username: any; phone: any; level_id: number; password: any; }' but required in type '{ name: string; email: string; username: string; phone: string; user_level: string; password: string; }'.[0m [1m[35m[plugin angular-compiler][0m

    src/app/features/users/user-form/user-form.component.ts:351:34:
[37m      351 ‚îÇ       this.userService.createUser([32muserData[37m).subscribe({
          ‚ïµ                                   [32m~~~~~~~~[0m

  'user_level' is declared here.

    src/app/core/services/user.service.ts:48:4:
[37m      48 ‚îÇ     [32muser_level[37m: string;
         ‚ïµ     [32m~~~~~~~~~~[0m


‚ùØ Changes detected. Rebuilding...
‚úî Changes detected. Rebuilding...
Application bundle generation failed. [0.169 seconds]

[31m‚úò [41;31m[[41;97mERROR[41;31m][0m [1mTS2345: Argument of type '{ name: any; email: any; username: any; phone: any; level_id: number; password: any; }' is not assignable to parameter of type '{ name: string; email: string; username: string; phone: string; user_level: string; password: string; }'.
  Property 'user_level' is missing in type '{ name: any; email: any; username: any; phone: any; level_id: number; password: any; }' but required in type '{ name: string; email: string; username: string; phone: string; user_level: string; password: string; }'.[0m [1m[35m[plugin angular-compiler][0m

    src/app/features/users/user-form/user-form.component.ts:351:34:
[37m      351 ‚îÇ       this.userService.createUser([32muserData[37m).subscribe({
          ‚ïµ                                   [32m~~~~~~~~[0m

  'user_level' is declared here.

    src/app/core/services/user.service.ts:48:4:
[37m      48 ‚îÇ     [32muser_level[37m: string;
         ‚ïµ     [32m~~~~~~~~~~[0m


‚ùØ Changes detected. Rebuilding...
‚úî Changes detected. Rebuilding...
Application bundle generation failed. [0.652 seconds]

[31m‚úò [41;31m[[41;97mERROR[41;31m][0m [1mTS2345: Argument of type '{ name: any; email: any; username: any; phone: any; level_id: number; password: any; }' is not assignable to parameter of type '{ name: string; email: string; username: string; phone: string; user_level: string; password: string; }'.
  Property 'user_level' is missing in type '{ name: any; email: any; username: any; phone: any; level_id: number; password: any; }' but required in type '{ name: string; email: string; username: string; phone: string; user_level: string; password: string; }'.[0m [1m[35m[plugin angular-compiler][0m

    src/app/features/users/user-form/user-form.component.ts:334:34:
[37m      334 ‚îÇ       this.userService.createUser([32muserData[37m).subscribe({
          ‚ïµ                                   [32m~~~~~~~~[0m

  'user_level' is declared here.

    src/app/core/services/user.service.ts:48:4:
[37m      48 ‚îÇ     [32muser_level[37m: string;
         ‚ïµ     [32m~~~~~~~~~~[0m


‚ùØ Changes detected. Rebuilding...
‚úî Changes detected. Rebuilding...
Application bundle generation failed. [1.157 seconds]

[31m‚úò [41;31m[[41;97mERROR[41;31m][0m [1mTS1435: Unknown keyword or identifier. Did you mean 'import'?[0m [1m[35m[plugin angular-compiler][0m

    src/app/features/users/components/edit-user-modal/edit-user-modal.component.ts:0:0:
[37m      0 ‚îÇ [32m[37m
        ‚ïµ [32m^[0m


[31m‚úò [41;31m[[41;97mERROR[41;31m][0m [1mTS2304: Cannot find name 'mport'.[0m [1m[35m[plugin angular-compiler][0m

    src/app/features/users/components/edit-user-modal/edit-user-modal.component.ts:0:0:
[37m      0 ‚îÇ [32m[37m
        ‚ïµ [32m^[0m


[31m‚úò [41;31m[[41;97mERROR[41;31m][0m [1mTS2304: Cannot find name 'Component'.[0m [1m[35m[plugin angular-compiler][0m

    src/app/features/users/components/edit-user-modal/edit-user-modal.component.ts:1:8:
[37m      1 ‚îÇ mport { [32mComponent[37m, Input, Output, EventEmitter, OnInit } from '@ang...
        ‚ïµ         [32m~~~~~~~~~[0m


[31m‚úò [41;31m[[41;97mERROR[41;31m][0m [1mTS2695: Left side of comma operator is unused and has no side effects.[0m [1m[35m[plugin angular-compiler][0m

    src/app/features/users/components/edit-user-modal/edit-user-modal.component.ts:1:8:
[37m      1 ‚îÇ mport { [32mComponent[37m, Input, Output, EventEmitter, OnInit } from '@ang...
        ‚ïµ         [32m~~~~~~~~~[0m


[31m‚úò [41;31m[[41;97mERROR[41;31m][0m [1mTS2695: Left side of comma operator is unused and has no side effects.[0m [1m[35m[plugin angular-compiler][0m

    src/app/features/users/components/edit-user-modal/edit-user-modal.component.ts:1:8:
[37m      1 ‚îÇ mport { [32mComponent, Input[37m, Output, EventEmitter, OnInit } from '@ang...
        ‚ïµ         [32m~~~~~~~~~~~~~~~~[0m


[31m‚úò [41;31m[[41;97mERROR[41;31m][0m [1mTS2695: Left side of comma operator is unused and has no side effects.[0m [1m[35m[plugin angular-compiler][0m

    src/app/features/users/components/edit-user-modal/edit-user-modal.component.ts:1:8:
[37m      1 ‚îÇ mport { [32mComponent, Input, Output[37m, EventEmitter, OnInit } from '@ang...
        ‚ïµ         [32m~~~~~~~~~~~~~~~~~~~~~~~~[0m


[31m‚úò [41;31m[[41;97mERROR[41;31m][0m [1mTS2695: Left side of comma operator is unused and has no side effects.[0m [1m[35m[plugin angular-compiler][0m

    src/app/features/users/components/edit-user-modal/edit-user-modal.component.ts:1:8:
[37m      1 ‚îÇ mport { [32mComponent, Input, Output, EventEmitter[37m, OnInit } from '@ang...
        ‚ïµ         [32m~~~~~~~~~~~~~~~~~~~~~~~~~~~~~~~~~~~~~~[0m


[31m‚úò [41;31m[[41;97mERROR[41;31m][0m [1mTS2552: Cannot find name 'Input'. Did you mean 'oninput'?[0m [1m[35m[plugin angular-compiler][0m

    src/app/features/users/components/edit-user-modal/edit-user-modal.component.ts:1:19:
[37m      1 ‚îÇ mport { Component, [32mInput[37m, Output, EventEmitter, OnInit } from '@ang...
        ‚ïµ                    [32m~~~~~[0m

  'oninput' is declared here.

    node_modules/typescript/lib/lib.dom.d.ts:27980:12:
[37m      27980 ‚îÇ declare var [32moninput[37m: ((this: Window, ev: Event) => any) | null;
            ‚ïµ             [32m~~~~~~~[0m


[31m‚úò [41;31m[[41;97mERROR[41;31m][0m [1mTS2304: Cannot find name 'Output'.[0m [1m[35m[plugin angular-compiler][0m

    src/app/features/users/components/edit-user-modal/edit-user-modal.component.ts:1:26:
[37m      1 ‚îÇ mport { Component, Input, [32mOutput[37m, EventEmitter, OnInit } from '@ang...
        ‚ïµ                           [32m~~~~~~[0m


[31m‚úò [41;31m[[41;97mERROR[41;31m][0m [1mTS2304: Cannot find name 'EventEmitter'.[0m [1m[35m[plugin angular-compiler][0m

    src/app/features/users/components/edit-user-modal/edit-user-modal.component.ts:1:34:
[37m      1 ‚îÇ ...Component, Input, Output, [32mEventEmitter[37m, OnInit } from '@angular/...
        ‚ïµ                              [32m~~~~~~~~~~~~[0m


[31m‚úò [41;31m[[41;97mERROR[41;31m][0m [1mTS2304: Cannot find name 'OnInit'.[0m [1m[35m[plugin angular-compiler][0m

    src/app/features/users/components/edit-user-modal/edit-user-modal.component.ts:1:48:
[37m      1 ‚îÇ ...ponent, Input, Output, EventEmitter, [32mOnInit[37m } from '@angular/core';
        ‚ïµ                                         [32m~~~~~~[0m


[31m‚úò [41;31m[[41;97mERROR[41;31m][0m [1mTS1434: Unexpected keyword or identifier.[0m [1m[35m[plugin angular-compiler][0m

    src/app/features/users/components/edit-user-modal/edit-user-modal.component.ts:1:57:
[37m      1 ‚îÇ ...ponent, Input, Output, EventEmitter, OnInit } [32mfrom[37m '@angular/core';
        ‚ïµ                                                  [32m~~~~[0m


[31m‚úò [41;31m[[41;97mERROR[41;31m][0m [1mTS2304: Cannot find name 'from'.[0m [1m[35m[plugin angular-compiler][0m

    src/app/features/users/components/edit-user-modal/edit-user-modal.component.ts:1:57:
[37m      1 ‚îÇ ...ponent, Input, Output, EventEmitter, OnInit } [32mfrom[37m '@angular/core';
        ‚ïµ                                                  [32m~~~~[0m


[31m‚úò [41;31m[[41;97mERROR[41;31m][0m [1mTS2304: Cannot find name 'Component'.[0m [1m[35m[plugin angular-compiler][0m

    src/app/features/users/components/edit-user-modal/edit-user-modal.component.ts:8:1:
[37m      8 ‚îÇ @[32mComponent[37m({
        ‚ïµ  [32m~~~~~~~~~[0m


[31m‚úò [41;31m[[41;97mERROR[41;31m][0m [1mTS2304: Cannot find name 'OnInit'.[0m [1m[35m[plugin angular-compiler][0m

    src/app/features/users/components/edit-user-modal/edit-user-modal.component.ts:261:47:
[37m      261 ‚îÇ export class EditUserModalComponent implements [32mOnInit[37m {
          ‚ïµ                                                [32m~~~~~~[0m


[31m‚úò [41;31m[[41;97mERROR[41;31m][0m [1mTS2304: Cannot find name 'Input'.[0m [1m[35m[plugin angular-compiler][0m

    src/app/features/users/components/edit-user-modal/edit-user-modal.component.ts:262:3:
[37m      262 ‚îÇ   @[32mInput[37m() user!: User;
          ‚ïµ    [32m~~~~~[0m


[31m‚úò [41;31m[[41;97mERROR[41;31m][0m [1mTS2304: Cannot find name 'Output'.[0m [1m[35m[plugin angular-compiler][0m

    src/app/features/users/components/edit-user-modal/edit-user-modal.component.ts:263:3:
[37m      263 ‚îÇ   @[32mOutput[37m() close = new EventEmitter<void>();
          ‚ïµ    [32m~~~~~~[0m


[31m‚úò [41;31m[[41;97mERROR[41;31m][0m [1mTS2304: Cannot find name 'EventEmitter'.[0m [1m[35m[plugin angular-compiler][0m

    src/app/features/users/components/edit-user-modal/edit-user-modal.component.ts:263:24:
[37m      263 ‚îÇ   @Output() close = new [32mEventEmitter[37m<void>();
          ‚ïµ                         [32m~~~~~~~~~~~~[0m


[31m‚úò [41;31m[[41;97mERROR[41;31m][0m [1mTS2304: Cannot find name 'Output'.[0m [1m[35m[plugin angular-compiler][0m

    src/app/features/users/components/edit-user-modal/edit-user-modal.component.ts:264:3:
[37m      264 ‚îÇ   @[32mOutput[37m() save = new EventEmitter<any>();
          ‚ïµ    [32m~~~~~~[0m


[31m‚úò [41;31m[[41;97mERROR[41;31m][0m [1mTS2304: Cannot find name 'EventEmitter'.[0m [1m[35m[plugin angular-compiler][0m

    src/app/features/users/components/edit-user-modal/edit-user-modal.component.ts:264:23:
[37m      264 ‚îÇ   @Output() save = new [32mEventEmitter[37m<any>();
          ‚ïµ                        [32m~~~~~~~~~~~~[0m


[31m‚úò [41;31m[[41;97mERROR[41;31m][0m [1mTS2339: Property 'level_id' does not exist on type 'User'.[0m [1m[35m[plugin angular-compiler][0m

    src/app/features/users/components/edit-user-modal/edit-user-modal.component.ts:311:28:
[37m      311 ‚îÇ         level_id: this.user.[32mlevel_id[37m
          ‚ïµ                             [32m~~~~~~~~[0m


[31m‚úò [41;31m[[41;97mERROR[41;31m][0m [1mTS2345: Argument of type '{ name: any; email: any; username: any; phone: any; level_id: number; password: any; }' is not assignable to parameter of type '{ name: string; email: string; username: string; phone: string; user_level: string; password: string; }'.
  Property 'user_level' is missing in type '{ name: any; email: any; username: any; phone: any; level_id: number; password: any; }' but required in type '{ name: string; email: string; username: string; phone: string; user_level: string; password: string; }'.[0m [1m[35m[plugin angular-compiler][0m

    src/app/features/users/user-form/user-form.component.ts:334:34:
[37m      334 ‚îÇ       this.userService.createUser([32muserData[37m).subscribe({
          ‚ïµ                                   [32m~~~~~~~~[0m

  'user_level' is declared here.

    src/app/core/services/user.service.ts:48:4:
[37m      48 ‚îÇ     [32muser_level[37m: string;
         ‚ïµ     [32m~~~~~~~~~~[0m


‚ùØ Changes detected. Rebuilding...
‚úî Changes detected. Rebuilding...
Application bundle generation failed. [1.085 seconds]

[31m‚úò [41;31m[[41;97mERROR[41;31m][0m [1mTS2339: Property 'level_id' does not exist on type 'User'.[0m [1m[35m[plugin angular-compiler][0m

    src/app/features/users/components/edit-user-modal/edit-user-modal.component.ts:311:28:
[37m      311 ‚îÇ         level_id: this.user.[32mlevel_id[37m
          ‚ïµ                             [32m~~~~~~~~[0m


[31m‚úò [41;31m[[41;97mERROR[41;31m][0m [1mTS2345: Argument of type '{ name: any; email: any; username: any; phone: any; level_id: number; password: any; }' is not assignable to parameter of type '{ name: string; email: string; username: string; phone: string; user_level: string; password: string; }'.
  Property 'user_level' is missing in type '{ name: any; email: any; username: any; phone: any; level_id: number; password: any; }' but required in type '{ name: string; email: string; username: string; phone: string; user_level: string; password: string; }'.[0m [1m[35m[plugin angular-compiler][0m

    src/app/features/users/user-form/user-form.component.ts:334:34:
[37m      334 ‚îÇ       this.userService.createUser([32muserData[37m).subscribe({
          ‚ïµ                                   [32m~~~~~~~~[0m

  'user_level' is declared here.

    src/app/core/services/user.service.ts:48:4:
[37m      48 ‚îÇ     [32muser_level[37m: string;
         ‚ïµ     [32m~~~~~~~~~~[0m



Warning: This is a simple server for use in testing or debugging Angular applications
locally. It hasn't been reviewed for security issues.

Binding this server to an open connection can result in compromising your application or
computer. Using a different host than the one passed to the "--host" flag might result in
websocket connection issues. You might need to use "--disable-host-check" if that's the
case.
    
‚ùØ Building...
‚úî Building...
Application bundle generation failed. [4.952 seconds]

[31m‚úò [41;31m[[41;97mERROR[41;31m][0m [1mTS2339: Property 'level_id' does not exist on type 'User'.[0m [1m[35m[plugin angular-compiler][0m

    src/app/features/users/components/edit-user-modal/edit-user-modal.component.ts:311:28:
[37m      311 ‚îÇ         level_id: this.user.[32mlevel_id[37m
          ‚ïµ                             [32m~~~~~~~~[0m


[31m‚úò [41;31m[[41;97mERROR[41;31m][0m [1mTS2345: Argument of type '{ name: any; email: any; username: any; phone: any; level_id: number; password: any; }' is not assignable to parameter of type '{ name: string; email: string; username: string; phone: string; user_level: string; password: string; }'.
  Property 'user_level' is missing in type '{ name: any; email: any; username: any; phone: any; level_id: number; password: any; }' but required in type '{ name: string; email: string; username: string; phone: string; user_level: string; password: string; }'.[0m [1m[35m[plugin angular-compiler][0m

    src/app/features/users/user-form/user-form.component.ts:334:34:
[37m      334 ‚îÇ       this.userService.createUser([32muserData[37m).subscribe({
          ‚ïµ                                   [32m~~~~~~~~[0m

  'user_level' is declared here.

    src/app/core/services/user.service.ts:48:4:
[37m      48 ‚îÇ     [32muser_level[37m: string;
         ‚ïµ     [32m~~~~~~~~~~[0m


Watch mode enabled. Watching for file changes...
‚ùØ Changes detected. Rebuilding...
‚úî Changes detected. Rebuilding...
Application bundle generation failed. [1.115 seconds]

[31m‚úò [41;31m[[41;97mERROR[41;31m][0m [1mTS2345: Argument of type '{ name: any; email: any; username: any; phone: any; level_id: number; password: any; }' is not assignable to parameter of type '{ name: string; email: string; username: string; phone: string; user_level: string; password: string; }'.
  Property 'user_level' is missing in type '{ name: any; email: any; username: any; phone: any; level_id: number; password: any; }' but required in type '{ name: string; email: string; username: string; phone: string; user_level: string; password: string; }'.[0m [1m[35m[plugin angular-compiler][0m

    src/app/features/users/user-form/user-form.component.ts:334:34:
[37m      334 ‚îÇ       this.userService.createUser([32muserData[37m).subscribe({
          ‚ïµ                                   [32m~~~~~~~~[0m

  'user_level' is declared here.

    src/app/core/services/user.service.ts:49:4:
[37m      49 ‚îÇ     [32muser_level[37m: string;
         ‚ïµ     [32m~~~~~~~~~~[0m


[31m‚úò [41;31m[[41;97mERROR[41;31m][0m [1mNG9: Property 'user_level' does not exist on type 'User'.[0m [1m[35m[plugin angular-compiler][0m

    src/app/features/users/user-list/user-list.component.ts:57:27:
[37m      57 ‚îÇ                 <td>{{user.[32muser_level[37m}}</td>
         ‚ïµ                            [32m~~~~~~~~~~[0m


‚ùØ Changes detected. Rebuilding...
‚úî Changes detected. Rebuilding...
Application bundle generation failed. [0.116 seconds]

[31m‚úò [41;31m[[41;97mERROR[41;31m][0m [1mTS2345: Argument of type '{ name: any; email: any; username: any; phone: any; level_id: number; password: any; }' is not assignable to parameter of type '{ name: string; email: string; username: string; phone: string; user_level: string; password: string; }'.
  Property 'user_level' is missing in type '{ name: any; email: any; username: any; phone: any; level_id: number; password: any; }' but required in type '{ name: string; email: string; username: string; phone: string; user_level: string; password: string; }'.[0m [1m[35m[plugin angular-compiler][0m

    src/app/features/users/user-form/user-form.component.ts:334:34:
[37m      334 ‚îÇ       this.userService.createUser([32muserData[37m).subscribe({
          ‚ïµ                                   [32m~~~~~~~~[0m

  'user_level' is declared here.

    src/app/core/services/user.service.ts:49:4:
[37m      49 ‚îÇ     [32muser_level[37m: string;
         ‚ïµ     [32m~~~~~~~~~~[0m


[31m‚úò [41;31m[[41;97mERROR[41;31m][0m [1mNG9: Property 'user_level' does not exist on type 'User'.[0m [1m[35m[plugin angular-compiler][0m

    src/app/features/users/user-list/user-list.component.ts:57:27:
[37m      57 ‚îÇ                 <td>{{user.[32muser_level[37m}}</td>
         ‚ïµ                            [32m~~~~~~~~~~[0m



Warning: This is a simple server for use in testing or debugging Angular applications
locally. It hasn't been reviewed for security issues.

Binding this server to an open connection can result in compromising your application or
computer. Using a different host than the one passed to the "--host" flag might result in
websocket connection issues. You might need to use "--disable-host-check" if that's the
case.
    
‚ùØ Building...
‚úî Building...
Application bundle generation failed. [5.059 seconds]

[31m‚úò [41;31m[[41;97mERROR[41;31m][0m [1mTS2345: Argument of type '{ name: any; email: any; username: any; phone: any; level_id: number; password: any; }' is not assignable to parameter of type '{ name: string; email: string; username: string; phone: string; user_level: string; password: string; }'.
  Property 'user_level' is missing in type '{ name: any; email: any; username: any; phone: any; level_id: number; password: any; }' but required in type '{ name: string; email: string; username: string; phone: string; user_level: string; password: string; }'.[0m [1m[35m[plugin angular-compiler][0m

    src/app/features/users/user-form/user-form.component.ts:334:34:
[37m      334 ‚îÇ       this.userService.createUser([32muserData[37m).subscribe({
          ‚ïµ                                   [32m~~~~~~~~[0m

  'user_level' is declared here.

    src/app/core/services/user.service.ts:49:4:
[37m      49 ‚îÇ     [32muser_level[37m: string;
         ‚ïµ     [32m~~~~~~~~~~[0m


[31m‚úò [41;31m[[41;97mERROR[41;31m][0m [1mNG9: Property 'user_level' does not exist on type 'User'.[0m [1m[35m[plugin angular-compiler][0m

    src/app/features/users/user-list/user-list.component.ts:57:27:
[37m      57 ‚îÇ                 <td>{{user.[32muser_level[37m}}</td>
         ‚ïµ                            [32m~~~~~~~~~~[0m


Watch mode enabled. Watching for file changes...

Warning: This is a simple server for use in testing or debugging Angular applications
locally. It hasn't been reviewed for security issues.

Binding this server to an open connection can result in compromising your application or
computer. Using a different host than the one passed to the "--host" flag might result in
websocket connection issues. You might need to use "--disable-host-check" if that's the
case.
    
‚ùØ Building...
‚úî Building...
Application bundle generation failed. [5.021 seconds]

[31m‚úò [41;31m[[41;97mERROR[41;31m][0m [1mTS2345: Argument of type '{ name: any; email: any; username: any; phone: any; level_id: number; password: any; }' is not assignable to parameter of type '{ name: string; email: string; username: string; phone: string; user_level: string; password: string; }'.
  Property 'user_level' is missing in type '{ name: any; email: any; username: any; phone: any; level_id: number; password: any; }' but required in type '{ name: string; email: string; username: string; phone: string; user_level: string; password: string; }'.[0m [1m[35m[plugin angular-compiler][0m

    src/app/features/users/user-form/user-form.component.ts:334:34:
[37m      334 ‚îÇ       this.userService.createUser([32muserData[37m).subscribe({
          ‚ïµ                                   [32m~~~~~~~~[0m

  'user_level' is declared here.

    src/app/core/services/user.service.ts:49:4:
[37m      49 ‚îÇ     [32muser_level[37m: string;
         ‚ïµ     [32m~~~~~~~~~~[0m


[31m‚úò [41;31m[[41;97mERROR[41;31m][0m [1mNG9: Property 'user_level' does not exist on type 'User'.[0m [1m[35m[plugin angular-compiler][0m

    src/app/features/users/user-list/user-list.component.ts:57:27:
[37m      57 ‚îÇ                 <td>{{user.[32muser_level[37m}}</td>
         ‚ïµ                            [32m~~~~~~~~~~[0m


Watch mode enabled. Watching for file changes...
‚ùØ Changes detected. Rebuilding...
‚úî Changes detected. Rebuilding...
Application bundle generation failed. [1.130 seconds]

[31m‚úò [41;31m[[41;97mERROR[41;31m][0m [1mNG9: Property 'user_level' does not exist on type 'User'.[0m [1m[35m[plugin angular-compiler][0m

    src/app/features/users/user-list/user-list.component.ts:57:27:
[37m      57 ‚îÇ                 <td>{{user.[32muser_level[37m}}</td>
         ‚ïµ                            [32m~~~~~~~~~~[0m



Warning: This is a simple server for use in testing or debugging Angular applications
locally. It hasn't been reviewed for security issues.

Binding this server to an open connection can result in compromising your application or
computer. Using a different host than the one passed to the "--host" flag might result in
websocket connection issues. You might need to use "--disable-host-check" if that's the
case.
    
‚ùØ Building...
‚úî Building...
Application bundle generation failed. [5.067 seconds]

[31m‚úò [41;31m[[41;97mERROR[41;31m][0m [1mNG9: Property 'user_level' does not exist on type 'User'.[0m [1m[35m[plugin angular-compiler][0m

    src/app/features/users/user-list/user-list.component.ts:57:27:
[37m      57 ‚îÇ                 <td>{{user.[32muser_level[37m}}</td>
         ‚ïµ                            [32m~~~~~~~~~~[0m


Watch mode enabled. Watching for file changes...
‚ùØ Changes detected. Rebuilding...
‚úî Changes detected. Rebuilding...
Initial chunk files | Names         |  Raw size
polyfills.js        | polyfills     |  90.20 kB | 
main.js             | main          |  76.01 kB | 
styles.css          | styles        |  96 bytes | 

                    | Initial total | 166.30 kB

Application bundle generation complete. [1.581 seconds]

NOTE: Raw file sizes do not reflect development server per-request transformations.
  ‚ûú  Local:   http://localhost:4200/
  ‚ûú  Network: http://192.168.15.104:4200/
  ‚ûú  Network: http://172.18.0.1:4200/

Warning: This is a simple server for use in testing or debugging Angular applications
locally. It hasn't been reviewed for security issues.

Binding this server to an open connection can result in compromising your application or
computer. Using a different host than the one passed to the "--host" flag might result in
websocket connection issues. You might need to use "--disable-host-check" if that's the
case.
    
‚ùØ Building...
‚úî Building...
Initial chunk files | Names         |  Raw size
polyfills.js        | polyfills     |  90.20 kB | 
main.js             | main          |  76.01 kB | 
styles.css          | styles        |  96 bytes | 

                    | Initial total | 166.30 kB

Application bundle generation complete. [5.029 seconds]

Watch mode enabled. Watching for file changes...
NOTE: Raw file sizes do not reflect development server per-request transformations.
  ‚ûú  Local:   http://localhost:4200/
  ‚ûú  Network: http://192.168.15.104:4200/
  ‚ûú  Network: http://172.18.0.1:4200/
‚ùØ Changes detected. Rebuilding...
‚úî Changes detected. Rebuilding...
Initial chunk files | Names |  Raw size
main.js             | main  | 104.29 kB | 

Application bundle generation complete. [2.311 seconds]

Page reload sent to client(s).
‚ùØ Changes detected. Rebuilding...
‚úî Changes detected. Rebuilding...

No output file changes.

Application bundle generation complete. [1.111 seconds]

‚ùØ Changes detected. Rebuilding...
‚úî Changes detected. Rebuilding...
Application bundle generation failed. [1.327 seconds]

[31m‚úò [41;31m[[41;97mERROR[41;31m][0m [1mTS2564: Property 'subjectForm' has no initializer and is not definitely assigned in the constructor.[0m [1m[35m[plugin angular-compiler][0m

    src/app/features/subjects/subject-form/subject-form.component.ts:385:2:
[37m      385 ‚îÇ   [32msubjectForm[37m: FormGroup;
          ‚ïµ   [32m~~~~~~~~~~~[0m


[31m‚úò [41;31m[[41;97mERROR[41;31m][0m [1mTS2322: Type 'boolean | undefined' is not assignable to type 'boolean'.
  Type 'undefined' is not assignable to type 'boolean'.[0m [1m[35m[plugin angular-compiler][0m

    src/app/features/subjects/subject-form/subject-form.component.ts:528:6:
[37m      528 ‚îÇ       [32mreturn[37m this.subjectForm.get('name')?.valid && this.subjectF...
          ‚ïµ       [32m~~~~~~[0m


‚ùØ Changes detected. Rebuilding...
‚úî Changes detected. Rebuilding...
Application bundle generation failed. [0.943 seconds]

[31m‚úò [41;31m[[41;97mERROR[41;31m][0m [1mTS2564: Property 'subjectForm' has no initializer and is not definitely assigned in the constructor.[0m [1m[35m[plugin angular-compiler][0m

    src/app/features/subjects/subject-form/subject-form.component.ts:385:2:
[37m      385 ‚îÇ   [32msubjectForm[37m: FormGroup;
          ‚ïµ   [32m~~~~~~~~~~~[0m


[31m‚úò [41;31m[[41;97mERROR[41;31m][0m [1mTS2322: Type 'boolean | undefined' is not assignable to type 'boolean'.
  Type 'undefined' is not assignable to type 'boolean'.[0m [1m[35m[plugin angular-compiler][0m

    src/app/features/subjects/subject-form/subject-form.component.ts:528:6:
[37m      528 ‚îÇ       [32mreturn[37m this.subjectForm.get('name')?.valid && this.subjectF...
          ‚ïµ       [32m~~~~~~[0m



Warning: This is a simple server for use in testing or debugging Angular applications
locally. It hasn't been reviewed for security issues.

Binding this server to an open connection can result in compromising your application or
computer. Using a different host than the one passed to the "--host" flag might result in
websocket connection issues. You might need to use "--disable-host-check" if that's the
case.
    
‚ùØ Building...
‚úî Building...
Application bundle generation failed. [6.617 seconds]

[31m‚úò [41;31m[[41;97mERROR[41;31m][0m [1mTS2564: Property 'subjectForm' has no initializer and is not definitely assigned in the constructor.[0m [1m[35m[plugin angular-compiler][0m

    src/app/features/subjects/subject-form/subject-form.component.ts:385:2:
[37m      385 ‚îÇ   [32msubjectForm[37m: FormGroup;
          ‚ïµ   [32m~~~~~~~~~~~[0m


[31m‚úò [41;31m[[41;97mERROR[41;31m][0m [1mTS2322: Type 'boolean | undefined' is not assignable to type 'boolean'.
  Type 'undefined' is not assignable to type 'boolean'.[0m [1m[35m[plugin angular-compiler][0m

    src/app/features/subjects/subject-form/subject-form.component.ts:528:6:
[37m      528 ‚îÇ       [32mreturn[37m this.subjectForm.get('name')?.valid && this.subjectF...
          ‚ïµ       [32m~~~~~~[0m


Watch mode enabled. Watching for file changes...
‚ùØ Changes detected. Rebuilding...
‚úî Changes detected. Rebuilding...
Application bundle generation failed. [2.495 seconds]

[31m‚úò [41;31m[[41;97mERROR[41;31m][0m [1mTS2729: Property 'fb' is used before its initialization.[0m [1m[35m[plugin angular-compiler][0m

    src/app/features/subjects/subject-form/subject-form.component.ts:385:32:
[37m      385 ‚îÇ   subjectForm: FormGroup = this.[32mfb[37m.group({
          ‚ïµ                                 [32m~~[0m

  'fb' is declared here.

    src/app/features/subjects/subject-form/subject-form.component.ts:405:4:
[37m      405 ‚îÇ     [32mprivate fb: FormBuilder[37m,
          ‚ïµ     [32m~~~~~~~~~~~~~~~~~~~~~~~[0m


[31m‚úò [41;31m[[41;97mERROR[41;31m][0m [1mTS2322: Type 'boolean | undefined' is not assignable to type 'boolean'.
  Type 'undefined' is not assignable to type 'boolean'.[0m [1m[35m[plugin angular-compiler][0m

    src/app/features/subjects/subject-form/subject-form.component.ts:522:6:
[37m      522 ‚îÇ       [32mreturn[37m this.subjectForm.get('name')?.valid && this.subjectF...
          ‚ïµ       [32m~~~~~~[0m



Warning: This is a simple server for use in testing or debugging Angular applications
locally. It hasn't been reviewed for security issues.

Binding this server to an open connection can result in compromising your application or
computer. Using a different host than the one passed to the "--host" flag might result in
websocket connection issues. You might need to use "--disable-host-check" if that's the
case.
    
‚ùØ Building...
‚úî Building...
Application bundle generation failed. [6.187 seconds]

[31m‚úò [41;31m[[41;97mERROR[41;31m][0m [1mTS2729: Property 'fb' is used before its initialization.[0m [1m[35m[plugin angular-compiler][0m

    src/app/features/subjects/subject-form/subject-form.component.ts:385:32:
[37m      385 ‚îÇ   subjectForm: FormGroup = this.[32mfb[37m.group({
          ‚ïµ                                 [32m~~[0m

  'fb' is declared here.

    src/app/features/subjects/subject-form/subject-form.component.ts:405:4:
[37m      405 ‚îÇ     [32mprivate fb: FormBuilder[37m,
          ‚ïµ     [32m~~~~~~~~~~~~~~~~~~~~~~~[0m


[31m‚úò [41;31m[[41;97mERROR[41;31m][0m [1mTS2322: Type 'boolean | undefined' is not assignable to type 'boolean'.
  Type 'undefined' is not assignable to type 'boolean'.[0m [1m[35m[plugin angular-compiler][0m

    src/app/features/subjects/subject-form/subject-form.component.ts:522:6:
[37m      522 ‚îÇ       [32mreturn[37m this.subjectForm.get('name')?.valid && this.subjectF...
          ‚ïµ       [32m~~~~~~[0m


Watch mode enabled. Watching for file changes...
‚ùØ Changes detected. Rebuilding...
‚úî Changes detected. Rebuilding...
Application bundle generation failed. [2.480 seconds]

[31m‚úò [41;31m[[41;97mERROR[41;31m][0m [1mTS2322: Type 'boolean | undefined' is not assignable to type 'boolean'.
  Type 'undefined' is not assignable to type 'boolean'.[0m [1m[35m[plugin angular-compiler][0m

    src/app/features/subjects/subject-form/subject-form.component.ts:529:6:
[37m      529 ‚îÇ       [32mreturn[37m this.subjectForm.get('name')?.valid && this.subjectF...
          ‚ïµ       [32m~~~~~~[0m



Warning: This is a simple server for use in testing or debugging Angular applications
locally. It hasn't been reviewed for security issues.

Binding this server to an open connection can result in compromising your application or
computer. Using a different host than the one passed to the "--host" flag might result in
websocket connection issues. You might need to use "--disable-host-check" if that's the
case.
    
‚ùØ Building...
‚úî Building...
Application bundle generation failed. [5.921 seconds]

[31m‚úò [41;31m[[41;97mERROR[41;31m][0m [1mTS2322: Type 'boolean | undefined' is not assignable to type 'boolean'.
  Type 'undefined' is not assignable to type 'boolean'.[0m [1m[35m[plugin angular-compiler][0m

    src/app/features/subjects/subject-form/subject-form.component.ts:529:6:
[37m      529 ‚îÇ       [32mreturn[37m this.subjectForm.get('name')?.valid && this.subjectF...
          ‚ïµ       [32m~~~~~~[0m


Watch mode enabled. Watching for file changes...
‚ùØ Changes detected. Rebuilding...
‚úî Changes detected. Rebuilding...
Initial chunk files | Names         |  Raw size
main.js             | main          | 144.01 kB | 
polyfills.js        | polyfills     |  90.20 kB | 
styles.css          | styles        |  96 bytes | 

                    | Initial total | 234.31 kB

Application bundle generation complete. [2.660 seconds]

NOTE: Raw file sizes do not reflect development server per-request transformations.
  ‚ûú  Local:   http://localhost:4200/
  ‚ûú  Network: http://192.168.15.104:4200/
  ‚ûú  Network: http://172.18.0.1:4200/

Warning: This is a simple server for use in testing or debugging Angular applications
locally. It hasn't been reviewed for security issues.

Binding this server to an open connection can result in compromising your application or
computer. Using a different host than the one passed to the "--host" flag might result in
websocket connection issues. You might need to use "--disable-host-check" if that's the
case.
    
‚ùØ Building...
‚úî Building...
Initial chunk files | Names         |  Raw size
main.js             | main          | 144.01 kB | 
polyfills.js        | polyfills     |  90.20 kB | 
styles.css          | styles        |  96 bytes | 

                    | Initial total | 234.31 kB

Application bundle generation complete. [6.168 seconds]

Watch mode enabled. Watching for file changes...
NOTE: Raw file sizes do not reflect development server per-request transformations.
  ‚ûú  Local:   http://localhost:4200/
  ‚ûú  Network: http://192.168.15.104:4200/
  ‚ûú  Network: http://172.18.0.1:4200/
‚ùØ Changes detected. Rebuilding...
‚úî Changes detected. Rebuilding...
Initial chunk files | Names |  Raw size
main.js             | main  | 193.84 kB | 

Application bundle generation complete. [3.416 seconds]

Page reload sent to client(s).

Warning: This is a simple server for use in testing or debugging Angular applications
locally. It hasn't been reviewed for security issues.

Binding this server to an open connection can result in compromising your application or
computer. Using a different host than the one passed to the "--host" flag might result in
websocket connection issues. You might need to use "--disable-host-check" if that's the
case.
    
‚ùØ Building...
‚úî Building...
Initial chunk files | Names         |  Raw size
main.js             | main          | 193.84 kB | 
polyfills.js        | polyfills     |  90.20 kB | 
styles.css          | styles        |  96 bytes | 

                    | Initial total | 284.13 kB

Application bundle generation complete. [6.952 seconds]

Watch mode enabled. Watching for file changes...
NOTE: Raw file sizes do not reflect development server per-request transformations.
  ‚ûú  Local:   http://localhost:4200/
  ‚ûú  Network: http://192.168.15.104:4200/
  ‚ûú  Network: http://172.18.0.1:4200/
